<?xml version="1.0" encoding="UTF-8"?>
<testsuite xmlns:xsi="http://www.w3.org/2001/XMLSchema-instance" xsi:noNamespaceSchemaLocation="https://maven.apache.org/surefire/maven-surefire-plugin/xsd/surefire-test-report.xsd" version="3.0.2" name="com.example.control_profesores.ControlProfesoresApplicationTests" time="10.265" tests="1" errors="0" skipped="0" failures="0">
  <properties>
[...]
</properties>
  <testcase name="contextLoads" classname="com.example.control_profesores.ControlProfesoresApplicationTests" time="1.722">
    <system-out><![CDATA[21:08:58.825 [main] INFO org.springframework.test.context.support.AnnotationConfigContextLoaderUtils -- Could not detect default configuration classes for test class [com.example.control_profesores.ControlProfesoresApplicationTests]: ControlProfesoresApplicationTests does not declare any static, non-private, non-final, nested classes annotated with @Configuration.
21:08:59.144 [main] INFO org.springframework.boot.test.context.SpringBootTestContextBootstrapper -- Found @SpringBootConfiguration com.example.control_profesores.ControlProfesoresApplication for test class com.example.control_profesores.ControlProfesoresApplicationTests

  .   ____          _            __ _ _
 /\\ / ___'_ __ _ _(_)_ __  __ _ \ \ \ \
( ( )\___ | '_ | '_| | '_ \/ _` | \ \ \ \
 \\/  ___)| |_)| | | | | || (_| |  ) ) ) )
  '  |____| .__|_| |_|_| |_\__, | / / / /
 =========|_|==============|___/=/_/_/_/

 :: Spring Boot ::                (v3.4.0)

2024-12-06T21:09:00.463-05:00  INFO 24824 --- [control_profesores] [           main] c.e.c.ControlProfesoresApplicationTests  : Starting ControlProfesoresApplicationTests using Java 22.0.2 with PID 24824 (started by sarit in C:\Users\sarit\Downloads\control_profesores\control_profesores)
2024-12-06T21:09:00.469-05:00  INFO 24824 --- [control_profesores] [           main] c.e.c.ControlProfesoresApplicationTests  : No active profile set, falling back to 1 default profile: "default"
2024-12-06T21:09:02.323-05:00  INFO 24824 --- [control_profesores] [           main] .s.d.r.c.RepositoryConfigurationDelegate : Bootstrapping Spring Data MongoDB repositories in DEFAULT mode.
2024-12-06T21:09:02.471-05:00  INFO 24824 --- [control_profesores] [           main] .s.d.r.c.RepositoryConfigurationDelegate : Finished Spring Data repository scanning in 133 ms. Found 2 MongoDB repository interfaces.
2024-12-06T21:09:03.775-05:00  INFO 24824 --- [control_profesores] [l3f.mongodb.net] org.mongodb.driver.cluster               : Adding discovered server cluster0-shard-00-00.wdl3f.mongodb.net:27017 to client view of cluster
2024-12-06T21:09:03.848-05:00  INFO 24824 --- [control_profesores] [           main] org.mongodb.driver.client                : MongoClient with metadata {"application": {"name": "Cluster0"}, "driver": {"name": "mongo-java-driver|sync|spring-boot", "version": "5.2.1"}, "os": {"type": "Windows", "name": "Windows 11", "architecture": "amd64", "version": "10.0"}, "platform": "Java/Amazon.com Inc./22.0.2+9-FR"} created with settings MongoClientSettings{readPreference=primary, writeConcern=WriteConcern{w=majority, wTimeout=null ms, journal=null}, retryWrites=true, retryReads=true, readConcern=ReadConcern{level=null}, credential=MongoCredential{mechanism=null, userName='andresocampo82211', source='admin', password=<hidden>, mechanismProperties=<hidden>}, transportSettings=null, commandListeners=[], codecRegistry=ProvidersCodecRegistry{codecProviders=[ValueCodecProvider{}, BsonValueCodecProvider{}, DBRefCodecProvider{}, DBObjectCodecProvider{}, DocumentCodecProvider{}, CollectionCodecProvider{}, IterableCodecProvider{}, MapCodecProvider{}, GeoJsonCodecProvider{}, GridFSFileCodecProvider{}, Jsr310CodecProvider{}, JsonObjectCodecProvider{}, BsonCodecProvider{}, EnumCodecProvider{}, com.mongodb.client.model.mql.ExpressionCodecProvider@5261ec9, com.mongodb.Jep395RecordCodecProvider@65bb6275, com.mongodb.KotlinCodecProvider@64da6cbd]}, loggerSettings=LoggerSettings{maxDocumentLength=1000}, clusterSettings={hosts=[127.0.0.1:27017], srvHost=cluster0.wdl3f.mongodb.net, srvServiceName=mongodb, mode=MULTIPLE, requiredClusterType=REPLICA_SET, requiredReplicaSetName='atlas-ogf89a-shard-0', serverSelector='null', clusterListeners='[]', serverSelectionTimeout='30000 ms', localThreshold='15 ms'}, socketSettings=SocketSettings{connectTimeoutMS=10000, readTimeoutMS=0, receiveBufferSize=0, proxySettings=ProxySettings{host=null, port=null, username=null, password=null}}, heartbeatSocketSettings=SocketSettings{connectTimeoutMS=10000, readTimeoutMS=10000, receiveBufferSize=0, proxySettings=ProxySettings{host=null, port=null, username=null, password=null}}, connectionPoolSettings=ConnectionPoolSettings{maxSize=100, minSize=0, maxWaitTimeMS=120000, maxConnectionLifeTimeMS=0, maxConnectionIdleTimeMS=0, maintenanceInitialDelayMS=0, maintenanceFrequencyMS=60000, connectionPoolListeners=[], maxConnecting=2}, serverSettings=ServerSettings{heartbeatFrequencyMS=10000, minHeartbeatFrequencyMS=500, serverMonitoringMode=AUTO, serverListeners='[]', serverMonitorListeners='[]'}, sslSettings=SslSettings{enabled=true, invalidHostNameAllowed=false, context=null}, applicationName='Cluster0', compressorList=[], uuidRepresentation=JAVA_LEGACY, serverApi=null, autoEncryptionSettings=null, dnsClient=null, inetAddressResolver=null, contextProvider=null, timeoutMS=null}
2024-12-06T21:09:03.878-05:00  INFO 24824 --- [control_profesores] [l3f.mongodb.net] org.mongodb.driver.cluster               : Adding discovered server cluster0-shard-00-01.wdl3f.mongodb.net:27017 to client view of cluster
2024-12-06T21:09:03.885-05:00  INFO 24824 --- [control_profesores] [l3f.mongodb.net] org.mongodb.driver.cluster               : Adding discovered server cluster0-shard-00-02.wdl3f.mongodb.net:27017 to client view of cluster
2024-12-06T21:09:05.309-05:00  INFO 24824 --- [control_profesores] [ngodb.net:27017] org.mongodb.driver.cluster               : Monitor thread successfully connected to server with description ServerDescription{address=cluster0-shard-00-02.wdl3f.mongodb.net:27017, type=REPLICA_SET_PRIMARY, cryptd=false, state=CONNECTED, ok=true, minWireVersion=0, maxWireVersion=25, maxDocumentSize=16777216, logicalSessionTimeoutMinutes=30, roundTripTimeNanos=706877500, minRoundTripTimeNanos=0, setName='atlas-ogf89a-shard-0', canonicalAddress=cluster0-shard-00-02.wdl3f.mongodb.net:27017, hosts=[cluster0-shard-00-00.wdl3f.mongodb.net:27017, cluster0-shard-00-01.wdl3f.mongodb.net:27017, cluster0-shard-00-02.wdl3f.mongodb.net:27017], passives=[], arbiters=[], primary='cluster0-shard-00-02.wdl3f.mongodb.net:27017', tagSet=TagSet{[Tag{name='availabilityZone', value='use1-az6'}, Tag{name='diskState', value='READY'}, Tag{name='nodeType', value='ELECTABLE'}, Tag{name='provider', value='AWS'}, Tag{name='region', value='US_EAST_1'}, Tag{name='workloadType', value='OPERATIONAL'}]}, electionId=7fffffff0000000000000262, setVersion=159, topologyVersion=TopologyVersion{processId=67480a8e35caa51a8c6cbefa, counter=9}, lastWriteDate=Fri Dec 06 21:09:07 COT 2024, lastUpdateTimeNanos=82956974695000}
2024-12-06T21:09:05.313-05:00  INFO 24824 --- [control_profesores] [ngodb.net:27017] org.mongodb.driver.cluster               : Monitor thread successfully connected to server with description ServerDescription{address=cluster0-shard-00-01.wdl3f.mongodb.net:27017, type=REPLICA_SET_SECONDARY, cryptd=false, state=CONNECTED, ok=true, minWireVersion=0, maxWireVersion=25, maxDocumentSize=16777216, logicalSessionTimeoutMinutes=30, roundTripTimeNanos=706877400, minRoundTripTimeNanos=0, setName='atlas-ogf89a-shard-0', canonicalAddress=cluster0-shard-00-01.wdl3f.mongodb.net:27017, hosts=[cluster0-shard-00-00.wdl3f.mongodb.net:27017, cluster0-shard-00-01.wdl3f.mongodb.net:27017, cluster0-shard-00-02.wdl3f.mongodb.net:27017], passives=[], arbiters=[], primary='cluster0-shard-00-02.wdl3f.mongodb.net:27017', tagSet=TagSet{[Tag{name='availabilityZone', value='use1-az4'}, Tag{name='diskState', value='READY'}, Tag{name='nodeType', value='ELECTABLE'}, Tag{name='provider', value='AWS'}, Tag{name='region', value='US_EAST_1'}, Tag{name='workloadType', value='OPERATIONAL'}]}, electionId=null, setVersion=159, topologyVersion=TopologyVersion{processId=67480cb34590f451eec567a1, counter=5}, lastWriteDate=Fri Dec 06 21:09:07 COT 2024, lastUpdateTimeNanos=82956974694500}
2024-12-06T21:09:05.314-05:00  INFO 24824 --- [control_profesores] [ngodb.net:27017] org.mongodb.driver.cluster               : Monitor thread successfully connected to server with description ServerDescription{address=cluster0-shard-00-00.wdl3f.mongodb.net:27017, type=REPLICA_SET_SECONDARY, cryptd=false, state=CONNECTED, ok=true, minWireVersion=0, maxWireVersion=25, maxDocumentSize=16777216, logicalSessionTimeoutMinutes=30, roundTripTimeNanos=706875800, minRoundTripTimeNanos=0, setName='atlas-ogf89a-shard-0', canonicalAddress=cluster0-shard-00-00.wdl3f.mongodb.net:27017, hosts=[cluster0-shard-00-00.wdl3f.mongodb.net:27017, cluster0-shard-00-01.wdl3f.mongodb.net:27017, cluster0-shard-00-02.wdl3f.mongodb.net:27017], passives=[], arbiters=[], primary='cluster0-shard-00-02.wdl3f.mongodb.net:27017', tagSet=TagSet{[Tag{name='availabilityZone', value='use1-az2'}, Tag{name='diskState', value='READY'}, Tag{name='nodeType', value='ELECTABLE'}, Tag{name='provider', value='AWS'}, Tag{name='region', value='US_EAST_1'}, Tag{name='workloadType', value='OPERATIONAL'}]}, electionId=null, setVersion=159, topologyVersion=TopologyVersion{processId=67480b6c0de3bbab6f1250be, counter=5}, lastWriteDate=Fri Dec 06 21:09:07 COT 2024, lastUpdateTimeNanos=82956974694700}
2024-12-06T21:09:05.320-05:00  INFO 24824 --- [control_profesores] [ngodb.net:27017] org.mongodb.driver.cluster               : Discovered replica set primary cluster0-shard-00-02.wdl3f.mongodb.net:27017 with max election id 7fffffff0000000000000262 and max set version 159
2024-12-06T21:09:06.949-05:00  INFO 24824 --- [control_profesores] [           main] c.e.c.ControlProfesoresApplicationTests  : Started ControlProfesoresApplicationTests in 7.391 seconds (process running for 9.94)
]]></system-out>
    <system-err><![CDATA[Mockito is currently self-attaching to enable the inline-mock-maker. This will no longer work in future releases of the JDK. Please add Mockito as an agent to your build what is described in Mockito's documentation: https://javadoc.io/doc/org.mockito/mockito-core/latest/org/mockito/Mockito.html#0.3
WARNING: A Java agent has been loaded dynamically (C:\Users\sarit\.m2\repository\net\bytebuddy\byte-buddy-agent\1.15.10\byte-buddy-agent-1.15.10.jar)
WARNING: If a serviceability tool is in use, please run with -XX:+EnableDynamicAgentLoading to hide this warning
WARNING: If a serviceability tool is not in use, please run with -Djdk.instrument.traceUsage for more information
WARNING: Dynamic loading of agents will be disallowed by default in a future release
]]></system-err>
  </testcase>
</testsuite>